COMMAND : MetaPathways.py -i ../MP_TEST/input/ -o ../MP_TEST/output/
ERROR:Path for "FORMATTED_DB_SIZE" is NOT set properly (or missing) in configuration file "/home/sgeadmin/MetaPathways_Python.3.0/config/template_config.txt"
6.Currently it is set to "/home/sgeadmin/MetaPathways_Python.3.0//executables/redhat/8000000000"
ERROR	if you do not wish to install the Pathway-Tools and  run the ePGDB building step 
	you might want to create the place holder file by using the "touch /home/sgeadmin/pathway-tools/pathway-tools" (PATHOLOGIC_EXECUTABLE) 
WARNING	sequence for db  /home/sgeadmin/MetaPathways/databases///functional/formatted/eggnog-v4-2016-10-30 not formatted
WARNING	Trying to format prot  database 'eggnog-v4-2016-10-30' for algorithm 'LAST'
INFO	Command to format "/home/sgeadmin/MetaPathways_Python.3.0//executables/redhat/lastdb+ -s 8000000000 -p -c /home/sgeadmin/MetaPathways/databases///functional/formatted/eggnog-v4-2016-10-30__temp__  /home/sgeadmin/MetaPathways/databases///functional/eggnog-v4-2016-10-30"
INFO	Formatted database 'eggnog-v4-2016-10-30' successfully for 'LAST'
WARNING	Does not have map file '/home/sgeadmin/MetaPathways/databases///functional/formatted/eggnog-v4-2016-10-30-names.txt' for 'eggnog-v4-2016-10-30'
INFO	Successfully created  map file '/home/sgeadmin/MetaPathways/databases///functional/formatted/eggnog-v4-2016-10-30-names.txt' for 'eggnog-v4-2016-10-30'
==============  RUNNING STEPS IN BLOCK 0 ================

#############################################

PROCESSING INPUT ../MP_TEST/input//CERZ.fasta [STEPS BLOCK 0] 
PREPROCESSING THE INPUT                                     ..... Already Computed!
ORF PREDICTION                                              ..... Already Computed!
CREATING AMINO ACID SEQS FROM GFF FILE                      ..... Already Computed!
FILTER AMINO ACID SEQS                                      ..... Already Computed!

#############################################

PROCESSING INPUT ../MP_TEST/input//CERZ.fasta [STEPS BLOCK 1] 
LASTING AMINO SEQS AGAINST COG-14-2016-10-20                ..... Already Computed!
LASTING AMINO SEQS AGAINST kegg-uniprot-2016-10-20          ..... Already Computed!
LASTING AMINO SEQS AGAINST metacyc-2016-10-31               ..... Already Computed!
LASTING AMINO SEQS AGAINST refseq-2016-10-06-nr-78          ..... Already Computed!
LASTING AMINO SEQS AGAINST eggnog-v4-2016-10-30             ..... Success!

#############################################

PROCESSING INPUT ../MP_TEST/input//CERZ.fasta [STEPS BLOCK 2] 
COMPUTING REFSCORES FOR BITSCORE                            ..... Already Computed!
PARSING LAST OUTPUT FOR COG-14-2016-10-20                   ..... Already Computed!
PARSING LAST OUTPUT FOR kegg-uniprot-2016-10-20             ..... Already Computed!
PARSING LAST OUTPUT FOR metacyc-2016-10-31                  ..... Already Computed!
PARSING LAST OUTPUT FOR refseq-2016-10-06-nr-78             ..... Already Computed!
PARSING LAST OUTPUT FOR eggnog-v4-2016-10-30                ..... Success!
SCANNING FOR rRNA USING DB SILVA_123_1_SSURef_tax_silva     ..... Skipping!
SCANNING FOR rRNA USING DB SILVA_123_1_LSURef_tax_silva     ..... Skipping!
SCANNING FOR rRNA USING DB GREENGENES_gg16S_13_5            ..... Skipping!
SCANNING FOR tRNA USING tRNA-Scan                           ..... Skipping!
ANNOTATE ORFS                                               
Processing database : COG-14-2016-10-20

Processing database : kegg-uniprot-2016-10-20

Processing database : metacyc-2016-10-31

Processing database : refseq-2016-10-06-nr-78

Processing database : eggnog-v4-2016-10-30
..... Redo Success!
PATHOLOGIC INPUT                                            ..... Redo Success!
CREATING REPORT FILE FOR ORF ANNOTATION                     
Memory used  = 1.04088 MB
Processing database : COG-14-2016-10-20...done
Processing database : kegg-uniprot-2016-10-20...done
Processing database : metacyc-2016-10-31...done
Processing database : refseq-2016-10-06-nr-78...done
Processing database : eggnog-v4-2016-10-30...done
Num orfs processed  : 6822
..... Redo Success!
RUNNING PATHOLOGIC                                          ..... Skipping!
RUNNING RPKM_CALCULATION                                    ..... Skipping!
            ***********                
INFO : FINISHED PROCESSING THE SAMPLES 
             THE END                   
            ***********                
